<?xml version="1.0" encoding="UTF-8"?>
<!-- Generated by org.testng.reporters.JUnitXMLReporter -->
<testsuite ignored="0" hostname="DESKTOP-JVT8TRH" failures="0" tests="8" name="Default test" time="44.543" errors="0" timestamp="2024-08-16T13:08:30 PDT">
  <testcase classname="TestingAlmosafer" name="CheckLanguage" time="0.121"/>
  <testcase classname="TestingAlmosafer" name="CheckCurency" time="0.06"/>
  <testcase classname="TestingAlmosafer" name="CheckNumber" time="0.037"/>
  <testcase classname="TestingAlmosafer" name="GitafLogo" time="0.077"/>
  <testcase classname="TestingAlmosafer" name="HotelSeleced" time="0.055"/>
  <testcase classname="TestingAlmosafer" name="FlightStrctrueAndReturn" time="0.091"/>
  <testcase classname="TestingAlmosafer" name="RandomLanguage" time="2.11"/>
  <testcase classname="TestingAlmosafer" name="HotelSearchTab" time="12.745"/>
</testsuite> <!-- Default test -->
