<?xml version="1.0" encoding="UTF-8"?>
<!-- Generated by org.testng.reporters.JUnitXMLReporter -->
<testsuite ignored="0" hostname="DESKTOP-JVT8TRH" failures="0" tests="6" name="Default test" time="14.396" errors="0" timestamp="2024-08-15T09:50:26 PDT">
  <testcase classname="TestingAlmosafer" name="CheckLanguage" time="0.097"/>
  <testcase classname="TestingAlmosafer" name="CheckCurency" time="0.05"/>
  <testcase classname="TestingAlmosafer" name="CheckNumber" time="0.038"/>
  <testcase classname="TestingAlmosafer" name="GitafLogo" time="0.053"/>
  <testcase classname="TestingAlmosafer" name="HotelSeleced" time="0.04"/>
  <testcase classname="TestingAlmosafer" name="FlightStrctrueAndReturn" time="0.099"/>
</testsuite> <!-- Default test -->
