<?xml version="1.0" encoding="UTF-8"?>
<testng-results ignored="0" total="5" passed="5" failed="0" skipped="0">
  <reporter-output>
  </reporter-output>
  <suite started-at="2024-08-15T07:26:31 PDT" name="Default suite" finished-at="2024-08-15T07:26:44 PDT" duration-ms="12880">
    <groups>
    </groups>
    <test started-at="2024-08-15T07:26:31 PDT" name="Default test" finished-at="2024-08-15T07:26:44 PDT" duration-ms="12880">
      <class name="TestingAlmosafer">
        <test-method is-config="true" signature="TheFirst()[pri:0, instance:TestingAlmosafer@2c532cd8]" started-at="2024-08-15T07:26:31 PDT" name="TheFirst" finished-at="2024-08-15T07:26:43 PDT" duration-ms="12102" status="PASS">
          <reporter-output>
          </reporter-output>
        </test-method> <!-- TheFirst -->
        <test-method signature="CheckCurency()[pri:0, instance:TestingAlmosafer@2c532cd8]" started-at="2024-08-15T07:26:43 PDT" name="CheckCurency" finished-at="2024-08-15T07:26:43 PDT" duration-ms="129" status="PASS">
          <reporter-output>
          </reporter-output>
        </test-method> <!-- CheckCurency -->
        <test-method signature="CheckLanguage()[pri:0, instance:TestingAlmosafer@2c532cd8]" started-at="2024-08-15T07:26:43 PDT" name="CheckLanguage" finished-at="2024-08-15T07:26:43 PDT" duration-ms="48" status="PASS">
          <reporter-output>
          </reporter-output>
        </test-method> <!-- CheckLanguage -->
        <test-method signature="CheckNumber()[pri:0, instance:TestingAlmosafer@2c532cd8]" started-at="2024-08-15T07:26:43 PDT" name="CheckNumber" finished-at="2024-08-15T07:26:43 PDT" duration-ms="40" status="PASS">
          <reporter-output>
          </reporter-output>
        </test-method> <!-- CheckNumber -->
        <test-method signature="GitafLogo()[pri:0, instance:TestingAlmosafer@2c532cd8]" started-at="2024-08-15T07:26:43 PDT" name="GitafLogo" finished-at="2024-08-15T07:26:43 PDT" duration-ms="93" status="PASS">
          <reporter-output>
          </reporter-output>
        </test-method> <!-- GitafLogo -->
        <test-method signature="HotelSeleced()[pri:0, instance:TestingAlmosafer@2c532cd8]" started-at="2024-08-15T07:26:43 PDT" name="HotelSeleced" finished-at="2024-08-15T07:26:44 PDT" duration-ms="356" status="PASS">
          <reporter-output>
          </reporter-output>
        </test-method> <!-- HotelSeleced -->
      </class> <!-- TestingAlmosafer -->
    </test> <!-- Default test -->
  </suite> <!-- Default suite -->
</testng-results>
